<?xml version="1.0" encoding="UTF-8"?>
<!-- Generated by org.testng.reporters.JUnitReportReporter -->
<testsuite skipped="0" hostname="Muneebs-MacBook-Pro.local" name="tests.test1" tests="1" failures="0" timestamp="2021-03-26T18:59:04 EDT" time="16.226" errors="0">
  <testcase name="testOne" time="16.226" classname="tests.test1"/>
  <system-out/>
</testsuite> <!-- tests.test1 -->
