<?xml version="1.0" encoding="UTF-8"?>
<!-- Generated by org.testng.reporters.JUnitReportReporter -->
<testsuite skipped="0" hostname="Muneebs-MacBook-Pro.local" name="tests.test3" tests="1" failures="0" timestamp="2021-03-26T18:58:54 EDT" time="7.384" errors="0">
  <testcase name="testThree" time="7.384" classname="tests.test3"/>
  <system-out/>
</testsuite> <!-- tests.test3 -->
