<?xml version="1.0" encoding="UTF-8"?>
<!-- Generated by org.testng.reporters.JUnitReportReporter -->
<testsuite skipped="0" hostname="Muneebs-MacBook-Pro.local" name="tests.test2" tests="1" failures="0" timestamp="2021-03-26T18:58:59 EDT" time="4.695" errors="0">
  <testcase name="testTwo" time="4.695" classname="tests.test2"/>
  <system-out/>
</testsuite> <!-- tests.test2 -->
